1548577032862	geckodriver	INFO	geckodriver 0.19.1
1548577032869	geckodriver	INFO	Listening on 127.0.0.1:60518
1548577035949	mozrunner::runner	INFO	Running command: "D:\\Program Files (x86)\\Mozilla Firefox\\firefox.exe" "-marionette" "-profile" "E:\\Users\\ccccc\\AppData\\Local\\Temp\\rust_mozprofile.GVFsoPSjtbNk"
1548577036644	addons.webextension.screenshots@mozilla.org	WARN	Loading extension 'screenshots@mozilla.org': Reading manifest: Invalid host permission: resource://pdf.js/
1548577036644	addons.webextension.screenshots@mozilla.org	WARN	Loading extension 'screenshots@mozilla.org': Reading manifest: Invalid host permission: about:reader*
1548577036771	Marionette	DEBUG	Received observer notification profile-after-change
1548577037042	Marionette	DEBUG	Received observer notification toplevel-window-ready
1548577037087	Marionette	DEBUG	Received observer notification command-line-startup
1548577037087	Marionette	DEBUG	Received observer notification nsPref:changed
1548577037087	Marionette	DEBUG	Init aborted (running=false, enabled=true, finalUIStartup=false)
1548577037863	Marionette	DEBUG	Received observer notification toplevel-window-ready
1548577039131	Marionette	DEBUG	Received observer notification sessionstore-windows-restored
1548577039132	Marionette	DEBUG	Waiting for delayed startup...
1548577039399	Marionette	DEBUG	Setting recommended pref app.update.disabledForTesting to true
1548577039399	Marionette	DEBUG	Setting recommended pref security.turn_off_all_security_so_that_viruses_can_take_over_this_computer to true
1548577039399	Marionette	DEBUG	Setting recommended pref browser.contentblocking.introCount to 99
1548577039400	Marionette	DEBUG	Setting recommended pref datareporting.policy.dataSubmissionPolicyAccepted to false
1548577039400	Marionette	DEBUG	Setting recommended pref dom.disable_beforeunload to true
1548577039400	Marionette	DEBUG	Setting recommended pref toolkit.cosmeticAnimations.enabled to false
1548577039577	Marionette	INFO	Listening on port 60526
1548577039577	Marionette	DEBUG	Remote service is active
1548577040064	Marionette	DEBUG	Accepted connection 0 from 127.0.0.1:60539
1548577040066	Marionette	TRACE	0 -> [0,1,"newSession",{"acceptInsecureCerts":true,"browserName":"firefox","capabilities":{"desiredCapabilities":{"acceptInsecureCerts":true,"browserName":"firefox"}}}]
1548577040066	Marionette	TRACE	0 <- [1,1,{"error":"unknown command","message":"newSession","stacktrace":"WebDriverError@chrome://marionette/content/error.js:178: ... et@chrome://marionette/content/server.js:236:8\n_onJSONObjectReady/<@chrome://marionette/content/transport.js:490:9\n"},null]
1548577220381	mozrunner::runner	INFO	Running command: "D:\\Program Files (x86)\\Mozilla Firefox\\firefox.exe" "-marionette" "-foreground" "-no-remote" "-profile" "E:\\Users\\ccccc\\AppData\\Local\\Temp\\rust_mozprofile.4qu6WO2zfNXP"
1548577220694	addons.webextension.screenshots@mozilla.org	WARN	Loading extension 'screenshots@mozilla.org': Reading manifest: Invalid host permission: resource://pdf.js/
1548577220694	addons.webextension.screenshots@mozilla.org	WARN	Loading extension 'screenshots@mozilla.org': Reading manifest: Invalid host permission: about:reader*
1548577222958	Marionette	INFO	Listening on port 60606
1548577223096	Marionette	WARN	TLS certificate errors will be ignored for this session
1548577223426	Marionette	INFO	Stopped listening on port 60606
JavaScript error: resource://activity-stream/lib/ActivityStreamPrefs.jsm, line 29: NS_ERROR_ILLEGAL_VALUE: Component returned failure code: 0x80070057 (NS_ERROR_ILLEGAL_VALUE) [nsIPrefBranch.removeObserver]
[Parent 1480, Gecko_IOThread] WARNING: pipe error: 109: file z:/build/build/src/ipc/chromium/src/chrome/common/ipc_channel_win.cc, line 346
[Child 3240, Chrome_ChildThread] WARNING: pipe error: 109: file z:/build/build/src/ipc/chromium/src/chrome/common/ipc_channel_win.cc, line 346
[Child 3240[Parent 1480, Gecko_IOThread] WARNING: pipe error: 109: file z:/build/build/src/ipc/chromium/src/chrome/common/ipc_channel_win.cc, line 346
[Child 13780, Chrome_ChildThread] WARNING: pipe error: 109: file z:/build/build/src/ipc/chromium/src/chrome/common/ipc_channel_win.cc, line 346
[Child 13780,[Parent 1480, Gecko_IOThread] WARNING: pipe error: 109: file z:/build/build/src/ipc/chromium/src/chrome/common/ipc_channel_win.cc, line 346
[Child 9088, Chrome_ChildThread] WARNING: pipe error: 109: file z:/build/build/src/ipc/chromium/src/chrome/common/ipc_channel_win.cc, line 346
[Child 9088, ChJavaScript error: resource://gre/modules/JSONFile.jsm, line 159: Error: Data is not ready.
console.error: PushService: 
  clearOriginData: Error clearing origin data:
  UnknownError
console.error: PushService: 
  stateChangeProcessEnqueue: Error transitioning state
  UnknownError

###!!! [Parent][DispatchAsyncMessage] Error: PBackgroundIDBFactory::Msg_PBackgroundIDBFactoryRequestConstructor Value error: message was deserialized, but contained an illegal value


###!!! [Parent][DispatchAsyncMessage] Error: PBackgroundIDBFactory::Msg_PBackgroundIDBFactoryRequestConstructor Value error: message was deserialized, but contained an illegal value


###!!! [Child][RunMessage] Error: Channel closing: too late to send/recv, messages will be lost


###!!! [Child][MessageChannel::SendAndWait] Error: Channel error: cannot send/recv

1548577291627	mozrunner::runner	INFO	Running command: "D:\\Program Files (x86)\\Mozilla Firefox\\firefox.exe" "-marionette" "-foreground" "-no-remote" "-profile" "E:\\Users\\ccccc\\AppData\\Local\\Temp\\rust_mozprofile.DOmsgYqjmoxc"
1548577291934	addons.webextension.screenshots@mozilla.org	WARN	Loading extension 'screenshots@mozilla.org': Reading manifest: Invalid host permission: resource://pdf.js/
1548577291934	addons.webextension.screenshots@mozilla.org	WARN	Loading extension 'screenshots@mozilla.org': Reading manifest: Invalid host permission: about:reader*
1548577294273	Marionette	INFO	Listening on port 60645
1548577294346	Marionette	WARN	TLS certificate errors will be ignored for this session
JavaScript error: http://localhost:60635/product/cathedral-bazaar/, line 130: SyntaxError: expected property name, got '%'
1548577306125	Marionette	INFO	Stopped listening on port 60645
[Parent 8148, Gecko_IOThread] WARNING: pipe error: 109: file z:/build/build/src/ipc/chromium/src/chrome/common/ipc_channel_win.cc, line 346
[Child 9156, Chrome_ChildThread] WARNING: pipe error: 109: file z:/build/build/src/ipc/chromium/src/chrome/common/i[Chipc_chld 14144, annChromeel__Chilwin.dThreacc, line 346d] WARNING: pi
pe error:[C h1i0l9: file z:/build/build/src/ipc/chromium/src/chrome/common/ipc_channel_win.cc, line 346
[Child 14144,[Parent 8148, Gecko_IOThread] WARNING: pipe error: 109: file z:/build/build/src/ipc/chromium/src/chrome/common/ipc_channel_win.cc, line 346
[Child 8256, Chrome_ChildThread] WARNING: pipe error: 109: file z:/build/build/src/ipc/chromium/src/chrome/common/ipc_channel_win.cc, line 346
[Child 8256, Chrome_Child
###!!! [Child][RunMessage] Error: Channel closing: too late to send/recv, messages will be lost

[GPU 11624, Chrome_Child
###!!! [Child][MessageChannel::SendAndWait] Error: Channel error: cannot send/recv

1548577893647	mozrunner::runner	INFO	Running command: "D:\\Program Files (x86)\\Mozilla Firefox\\firefox.exe" "-marionette" "-foreground" "-no-remote" "-profile" "E:\\Users\\ccccc\\AppData\\Local\\Temp\\rust_mozprofile.7o5U91TkvoX8"
1548577893964	addons.webextension.screenshots@mozilla.org	WARN	Loading extension 'screenshots@mozilla.org': Reading manifest: Invalid host permission: resource://pdf.js/
1548577893964	addons.webextension.screenshots@mozilla.org	WARN	Loading extension 'screenshots@mozilla.org': Reading manifest: Invalid host permission: about:reader*
1548577896341	Marionette	INFO	Listening on port 60810
1548577896366	Marionette	WARN	TLS certificate errors will be ignored for this session
1548577898297	Marionette	INFO	Stopped listening on port 60810
JavaScript error: resource://activity-stream/lib/ActivityStreamPrefs.jsm, line 29: NS_ERROR_ILLEGAL_VALUE: Component returned failure code: 0x80070057 (NS_ERROR_ILLEGAL_VALUE) [nsIPrefBranch.removeObserver]
[Parent 2200, Gecko_IOThread] WARNING: pipe error: 109: file z:/build/build/src/ipc/chromium/src/chrome/common/ipc_channel_win.cc, line 346
[Parent 2200, Gecko_IOThread] WARNING: pipe error: 109: file z:/build/build/src/ipc/chromium/src/chrome/common/ipc_channel_win.cc, line 346
[Child 7936, Chrome_ChildThread] WARNING: pipe error: 109: file z:/build/build/src/ipc/chromium/src/chrome/common/ipc_channel_win.cc, line 346
[Child 7936[Child 6292, Chrome_ChildThread] WARNING: pipe error: 109: file z:/build/build/src/ipc/chromium/src/chrome/common/ipc_channel_win.cc, line 346
[Child 6292, Chrome_[Parent 2200, Gecko_IOThread] WARNING: pipe error: 109: file z:/build/build/src/ipc/chromium/src/chrome/common/ipc_channel_win.cc, line 346
[Child 1960, Chrome_ChildThread] WARNING: pipe error: 109: file z:/build/build/src/ipc/chromium/src/chrome/common/ipc_channel_win.cc, line 346
[Child 1960, JavaScript error: resource://activity-stream/lib/PlacesFeed.jsm, line 171: NS_ERROR_UNEXPECTED: Component returned failure code: 0x8000ffff (NS_ERROR_UNEXPECTED) [nsINavHistoryService.addObserver]
JavaScript error: resource://gre/modules/Sqlite.jsm, line 841: Error: Connection is not open.
console.error: 
  [Exception... "Component returned failure code: 0x80004005 (NS_ERROR_FAILURE) [nsIAppShellService.hiddenDOMWindow]"  nsresult: "0x80004005 (NS_ERROR_FAILURE)"  location: "JS frame :: resource://activity-stream/lib/DownloadsManager.jsm :: init :: line 44"  data: no]: init@resource://activity-stream/lib/DownloadsManager.jsm:44:5
postInit@resource://activity-stream/lib/HighlightsFeed.jsm:60:5
handler@resource://gre/modules/EventEmitter.jsm:94:11
emit@resource://gre/modules/EventEmitter.jsm:149:11
init@resource://activity-stream/lib/SectionsManager.jsm:119:5
observe@resource://gre/modules/AsyncShutdown.jsm:541:9

JavaScript error: resource://gre/modules/ExtensionSettingsStore.jsm, line 103: Error: The ExtensionSettingsStore was accessed before the initialize promise resolved.
[
###!!! [Child][RunMessage] Error: Channel closing: too late to send/recv, messages will be lost


###!!! [Child][MessageChannel::SendAndWait] Error: Channel error: cannot send/recv

1548685828558	mozrunner::runner	INFO	Running command: "D:\\Program Files (x86)\\Mozilla Firefox\\firefox.exe" "-marionette" "-foreground" "-no-remote" "-profile" "E:\\Users\\ccccc\\AppData\\Local\\Temp\\rust_mozprofile.Ndp7LyLeU6uZ"
1548685829401	addons.webextension.screenshots@mozilla.org	WARN	Loading extension 'screenshots@mozilla.org': Reading manifest: Invalid host permission: resource://pdf.js/
1548685829401	addons.webextension.screenshots@mozilla.org	WARN	Loading extension 'screenshots@mozilla.org': Reading manifest: Invalid host permission: about:reader*
1548685832558	Marionette	INFO	Listening on port 54245
1548685833033	Marionette	WARN	TLS certificate errors will be ignored for this session
1548685835476	Marionette	INFO	Stopped listening on port 54245
JavaScript error: resource://activity-stream/lib/ActivityStreamPrefs.jsm, line 29: NS_ERROR_ILLEGAL_VALUE: Component returned failure code: 0x80070057 (NS_ERROR_ILLEGAL_VALUE) [nsIPrefBranch.removeObserver]
[Child 14724, Chrome_ChildThread] WARNING: pipe error: 109: file z:/build/build/src/ipc/chromium/src/chrome/common/ipc_channel_win.cc, line 346
[Child 14724,[Child 4500, Chrome_ChildThread] WARNING: pipe error: 109: file z:/build/build/src/ipc/chromium/src/chrome/common/ipc_channel_win.cc, line 346
[Child 4500, Chrom[Parent 15872, Gecko_IOThread] WARNING: file z:/build/build/src/ipc/chromium/src/base/process_util_win.cc, line 188
[Parent 15872, Gecko_IOThread] WARNING: pipe error: 109: file z:/build/build/src/ipc/chromium/src/chrome/common/ipc_channel_win.cc, line 346
[Child 13876, Chrome_ChildThread] WARNING: pipe error: 109: file z:/build/build/src/ipc/chromium/src/chrome/common/ipc_channel_win.cc, line 346
[Child 13876, Chr
###!!! [Child][RunMessage] Error: Channel closing: too late to send/recv, messages will be lost


###!!! [Child][MessageChannel::SendAndWait] Error: Channel error: cannot send/recv

